TN:
SF:src/middleware/apiDocs.ts
FN:5,(anonymous_1)
FNF:1
FNH:1
FNDA:3,(anonymous_1)
DA:2,1
DA:3,1
DA:5,1
DA:6,3
LF:4
LH:4
BRF:0
BRH:0
end_of_record
TN:
SF:src/middleware/checks.ts
FN:4,(anonymous_0)
FNF:1
FNH:1
FNDA:2,(anonymous_0)
DA:2,1
DA:4,1
DA:9,2
DA:10,1
DA:12,1
LF:5
LH:5
BRDA:9,0,0,1
BRDA:9,0,1,1
BRF:2
BRH:2
end_of_record
TN:
SF:src/middleware/common.ts
FN:6,(anonymous_1)
FN:9,(anonymous_2)
FN:14,(anonymous_3)
FNF:3
FNH:3
FNDA:3,(anonymous_1)
FNDA:3,(anonymous_2)
FNDA:3,(anonymous_3)
DA:2,1
DA:3,1
DA:4,1
DA:6,1
DA:7,3
DA:9,1
DA:10,3
DA:11,3
DA:14,1
DA:15,3
LF:10
LH:10
BRF:0
BRH:0
end_of_record
TN:
SF:src/middleware/errorHandlers.ts
FN:11,(anonymous_1)
FN:12,(anonymous_2)
FN:17,(anonymous_3)
FN:18,(anonymous_4)
FN:23,(anonymous_5)
FN:24,(anonymous_6)
FNF:6
FNH:5
FNDA:3,(anonymous_1)
FNDA:1,(anonymous_2)
FNDA:3,(anonymous_3)
FNDA:2,(anonymous_4)
FNDA:3,(anonymous_5)
FNDA:0,(anonymous_6)
DA:2,1
DA:11,1
DA:12,3
DA:13,1
DA:17,1
DA:18,3
DA:19,2
DA:23,1
DA:24,3
DA:25,0
DA:30,1
LF:11
LH:10
BRF:0
BRH:0
end_of_record
TN:
SF:src/middleware/index.ts
FNF:0
FNH:0
DA:1,1
DA:7,1
DA:9,1
LF:3
LH:3
BRF:0
BRH:0
end_of_record
TN:
SF:src/services/search/SearchController.ts
FN:3,(anonymous_0)
FNF:1
FNH:1
FNDA:1,(anonymous_0)
DA:1,1
DA:3,1
DA:4,1
DA:5,0
DA:11,1
LF:5
LH:4
BRDA:4,0,0,0
BRDA:4,0,1,1
BRF:2
BRH:1
end_of_record
TN:
SF:src/services/search/routes.ts
FN:11,(anonymous_1)
FNF:1
FNH:1
FNDA:1,(anonymous_1)
DA:1,1
DA:2,1
DA:3,1
DA:5,1
DA:12,1
DA:13,1
DA:14,1
LF:7
LH:7
BRF:0
BRH:0
end_of_record
TN:
SF:src/services/search/providers/OpenCageDataProvider.ts
FN:6,(anonymous_1)
FNF:1
FNH:1
FNDA:3,(anonymous_1)
DA:1,2
DA:2,2
DA:4,2
DA:6,2
DA:7,3
DA:8,3
DA:9,3
DA:10,3
LF:8
LH:8
BRF:0
BRH:0
end_of_record
TN:
SF:src/utils/ErrorHandler.ts
FN:8,(anonymous_0)
FN:16,(anonymous_1)
FN:29,(anonymous_2)
FNF:3
FNH:2
FNDA:1,(anonymous_0)
FNDA:2,(anonymous_1)
FNDA:0,(anonymous_2)
DA:2,1
DA:8,1
DA:9,1
DA:16,1
DA:21,2
DA:22,2
DA:23,2
DA:25,0
DA:29,1
DA:30,0
DA:31,0
DA:32,0
DA:34,0
LF:13
LH:8
BRDA:21,0,0,2
BRDA:21,0,1,0
BRDA:31,1,0,0
BRDA:31,1,1,0
BRF:4
BRH:1
end_of_record
TN:
SF:src/utils/httpErrors.ts
FN:5,(anonymous_0)
FN:19,(anonymous_1)
FN:27,(anonymous_2)
FNF:3
FNH:3
FNDA:2,(anonymous_0)
FNDA:1,(anonymous_1)
FNDA:1,(anonymous_2)
DA:1,1
DA:6,2
DA:7,0
DA:9,2
DA:11,2
DA:12,2
DA:16,1
DA:17,1
DA:20,1
DA:24,1
DA:25,1
DA:28,1
LF:12
LH:11
BRDA:6,0,0,0
BRDA:6,0,1,2
BRDA:19,1,0,0
BRDA:27,2,0,0
BRF:4
BRH:1
end_of_record
TN:
SF:src/utils/index.ts
FN:6,(anonymous_0)
FN:12,(anonymous_1)
FNF:2
FNH:2
FNDA:6,(anonymous_0)
FNDA:3,(anonymous_1)
DA:6,1
DA:7,6
DA:8,21
DA:12,1
DA:13,3
DA:14,3
DA:15,3
LF:7
LH:7
BRF:0
BRH:0
end_of_record
TN:
SF:src/utils/route.ts
FN:30,(anonymous_0)
FNF:1
FNH:1
FNDA:1,(anonymous_0)
DA:25,1
DA:31,1
DA:32,1
DA:33,1
LF:4
LH:4
BRF:0
BRH:0
end_of_record
